android/app/build/intermediates/manifest_merge_blame_file/release/manifest-merger-blame-release-report.txt
1<?xml version="1.0" encoding="utf-8"?>
2<manifest xmlns:android="http://schemas.android.com/apk/res/android"
3    package="com.dummynew"
4    android:versionCode="1"
5    android:versionName="1.0" >
6
7    <uses-sdk
8        android:minSdkVersion="21"
8-->src/main/AndroidManifest.xml
9        android:targetSdkVersion="30" />
9-->src/main/AndroidManifest.xml
10
11    <uses-permission android:name="android.permission.INTERNET" />
11-->src/main/AndroidManifest.xml:5:5-67
11-->src/main/AndroidManifest.xml:5:22-64
12    <uses-permission android:name="android.permission.CAMERA" />
12-->src/main/AndroidManifest.xml:6:5-65
12-->src/main/AndroidManifest.xml:6:22-62
13    <uses-permission android:name="android.permission.ACCESS_COARSE_LOCATION" />
13-->src/main/AndroidManifest.xml:7:5-80
13-->src/main/AndroidManifest.xml:7:22-78
14    <uses-permission android:name="android.permission.ACCESS_FINE_LOCATION" />
14-->src/main/AndroidManifest.xml:8:5-78
14-->src/main/AndroidManifest.xml:8:22-76
15
16    <uses-feature
16-->src/main/AndroidManifest.xml:9:5-85
17        android:name="android.hardware.camera"
17-->src/main/AndroidManifest.xml:9:19-57
18        android:required="false" />
18-->src/main/AndroidManifest.xml:9:58-82
19    <uses-feature android:name="android.hardware.camera.autofocus" />
19-->src/main/AndroidManifest.xml:10:5-69
19-->src/main/AndroidManifest.xml:10:19-67
20    <uses-feature
20-->src/main/AndroidManifest.xml:11:5-91
21        android:name="android.hardware.camera.front"
21-->src/main/AndroidManifest.xml:11:19-63
22        android:required="false" />
22-->src/main/AndroidManifest.xml:11:64-88
23
24    <uses-permission android:name="android.permission.FLASHLIGHT" />
24-->src/main/AndroidManifest.xml:12:5-68
24-->src/main/AndroidManifest.xml:12:22-66
25    <uses-permission android:name="android.permission.ACCESS_NETWORK_STATE" />
25-->[:react-native-community_netinfo] AndroidManifest.xml:9:5-79
25-->[:react-native-community_netinfo] AndroidManifest.xml:9:22-76
26    <uses-permission android:name="android.permission.ACCESS_WIFI_STATE" />
26-->[:react-native-community_netinfo] AndroidManifest.xml:10:5-76
26-->[:react-native-community_netinfo] AndroidManifest.xml:10:22-73
27
28    <queries>
28-->[:react-native-image-crop-picker] AndroidManifest.xml:9:5-13:15
29        <intent>
29-->[:react-native-image-crop-picker] AndroidManifest.xml:10:9-12:18
30            <action android:name="android.media.action.IMAGE_CAPTURE" />
30-->[:react-native-image-crop-picker] AndroidManifest.xml:11:13-73
30-->[:react-native-image-crop-picker] AndroidManifest.xml:11:21-70
31        </intent>
32    </queries>
33
34    <uses-permission android:name="android.permission.WRITE_EXTERNAL_STORAGE" />
34-->[:react-native-image-crop-picker] AndroidManifest.xml:15:5-81
34-->[:react-native-image-crop-picker] AndroidManifest.xml:15:22-78
35
36    <application
36-->src/main/AndroidManifest.xml:14:5-32:19
37        android:name="com.dummynew.MainApplication"
37-->src/main/AndroidManifest.xml:15:7-38
38        android:allowBackup="false"
38-->src/main/AndroidManifest.xml:19:7-34
39        android:appComponentFactory="androidx.core.app.CoreComponentFactory"
39-->[androidx.core:core:1.6.0] AndroidManifest.xml:24:18-86
40        android:icon="@mipmap/ic_launcher"
40-->src/main/AndroidManifest.xml:17:7-41
41        android:label="@string/app_name"
41-->src/main/AndroidManifest.xml:16:7-39
42        android:roundIcon="@mipmap/ic_launcher_round"
42-->src/main/AndroidManifest.xml:18:7-52
43        android:theme="@style/AppTheme" >
43-->src/main/AndroidManifest.xml:20:7-38
44        <activity
44-->src/main/AndroidManifest.xml:21:7-31:18
45            android:name="com.dummynew.MainActivity"
45-->src/main/AndroidManifest.xml:22:9-37
46            android:configChanges="keyboard|keyboardHidden|orientation|screenSize|uiMode"
46-->src/main/AndroidManifest.xml:24:9-86
47            android:label="@string/app_name"
47-->src/main/AndroidManifest.xml:23:9-41
48            android:launchMode="singleTask"
48-->src/main/AndroidManifest.xml:25:9-40
49            android:screenOrientation="portrait"
49-->src/main/AndroidManifest.xml:26:52-88
50            android:windowSoftInputMode="adjustResize" >
50-->src/main/AndroidManifest.xml:26:9-51
51            <intent-filter>
51-->src/main/AndroidManifest.xml:27:9-30:25
52                <action android:name="android.intent.action.MAIN" />
52-->src/main/AndroidManifest.xml:28:13-65
52-->src/main/AndroidManifest.xml:28:21-62
53
54                <category android:name="android.intent.category.LAUNCHER" />
54-->src/main/AndroidManifest.xml:29:13-73
54-->src/main/AndroidManifest.xml:29:23-70
55            </intent-filter>
56        </activity>
57
58        <provider
58-->[:react-native-image-crop-picker] AndroidManifest.xml:18:9-26:20
59            android:name="androidx.core.content.FileProvider"
59-->[:react-native-image-crop-picker] AndroidManifest.xml:19:13-62
60            android:authorities="com.dummynew.provider"
60-->[:react-native-image-crop-picker] AndroidManifest.xml:20:13-60
61            android:exported="false"
61-->[:react-native-image-crop-picker] AndroidManifest.xml:21:13-37
62            android:grantUriPermissions="true" >
62-->[:react-native-image-crop-picker] AndroidManifest.xml:22:13-47
63            <meta-data
63-->[:react-native-image-crop-picker] AndroidManifest.xml:23:13-25:58
64                android:name="android.support.FILE_PROVIDER_PATHS"
64-->[:react-native-image-crop-picker] AndroidManifest.xml:24:17-67
65                android:resource="@xml/provider_paths" />
65-->[:react-native-image-crop-picker] AndroidManifest.xml:25:17-55
66        </provider>
67
68        <activity
68-->[:react-native-image-crop-picker] AndroidManifest.xml:28:9-30:72
69            android:name="com.yalantis.ucrop.UCropActivity"
69-->[:react-native-image-crop-picker] AndroidManifest.xml:29:13-60
70            android:theme="@style/Theme.AppCompat.Light.NoActionBar" />
70-->[:react-native-image-crop-picker] AndroidManifest.xml:30:13-69
71    </application>
72
73</manifest>